Flow report for PIANO2
Sun Aug 18 14:10:17 2019
Quartus Prime Version 17.0.0 Build 595 04/25/2017 SJ Standard Edition


---------------------
; Table of Contents ;
---------------------
  1. Legal Notice
  2. Flow Summary
  3. Flow Settings
  4. Flow Non-Default Global Settings
  5. Flow Elapsed Time
  6. Flow OS Summary
  7. Flow Log
  8. Flow Messages
  9. Flow Suppressed Messages



----------------
; Legal Notice ;
----------------
Copyright (C) 2017  Intel Corporation. All rights reserved.
Your use of Intel Corporation's design tools, logic functions 
and other software and tools, and its AMPP partner logic 
functions, and any output files from any of the foregoing 
(including device programming or simulation files), and any 
associated documentation or information are expressly subject 
to the terms and conditions of the Intel Program License 
Subscription Agreement, the Intel Quartus Prime License Agreement,
the Intel MegaCore Function License Agreement, or other 
applicable license agreement, including, without limitation, 
that your use is for the sole purpose of programming logic 
devices manufactured by Intel and sold by Intel or its 
authorized distributors.  Please refer to the applicable 
agreement for further details.



+--------------------------------------------------------------------------------------+
; Flow Summary                                                                         ;
+------------------------------------+-------------------------------------------------+
; Flow Status                        ; Successful - Sun Aug 18 14:10:17 2019           ;
; Quartus Prime Version              ; 17.0.0 Build 595 04/25/2017 SJ Standard Edition ;
; Revision Name                      ; PIANO2                                          ;
; Top-level Entity Name              ; piano_ordenado_final2                           ;
; Family                             ; Cyclone IV E                                    ;
; Device                             ; EP4CE22F17C6                                    ;
; Timing Models                      ; Final                                           ;
; Total logic elements               ; 1,736 / 22,320 ( 8 % )                          ;
;     Total combinational functions  ; 1,569 / 22,320 ( 7 % )                          ;
;     Dedicated logic registers      ; 994 / 22,320 ( 4 % )                            ;
; Total registers                    ; 994                                             ;
; Total pins                         ; 77 / 154 ( 50 % )                               ;
; Total virtual pins                 ; 0                                               ;
; Total memory bits                  ; 1,152 / 608,256 ( < 1 % )                       ;
; Embedded Multiplier 9-bit elements ; 0 / 132 ( 0 % )                                 ;
; Total PLLs                         ; 0 / 4 ( 0 % )                                   ;
+------------------------------------+-------------------------------------------------+


+-----------------------------------------+
; Flow Settings                           ;
+-------------------+---------------------+
; Option            ; Setting             ;
+-------------------+---------------------+
; Start date & time ; 08/18/2019 14:08:31 ;
; Main task         ; Compilation         ;
; Revision Name     ; PIANO2              ;
+-------------------+---------------------+


+---------------------------------------------------------------------------------------------------------------------------------------+
; Flow Non-Default Global Settings                                                                                                      ;
+-------------------------------------+----------------------------------------+---------------+-----------------------+----------------+
; Assignment Name                     ; Value                                  ; Default Value ; Entity Name           ; Section Id     ;
+-------------------------------------+----------------------------------------+---------------+-----------------------+----------------+
; COMPILER_SIGNATURE_ID               ; 179195394392692.156615531104524        ; --            ; --                    ; --             ;
; EDA_OUTPUT_DATA_FORMAT              ; Vhdl                                   ; --            ; --                    ; eda_simulation ;
; EDA_SIMULATION_TOOL                 ; ModelSim-Altera (VHDL)                 ; <None>        ; --                    ; --             ;
; EDA_TIME_SCALE                      ; 1 ps                                   ; --            ; --                    ; eda_simulation ;
; MAX_CORE_JUNCTION_TEMP              ; 85                                     ; --            ; --                    ; --             ;
; MIN_CORE_JUNCTION_TEMP              ; 0                                      ; --            ; --                    ; --             ;
; MISC_FILE                           ; constante.cmp                          ; --            ; --                    ; --             ;
; PARTITION_COLOR                     ; -- (Not supported for targeted family) ; --            ; piano_ordenado_final2 ; Top            ;
; PARTITION_FITTER_PRESERVATION_LEVEL ; -- (Not supported for targeted family) ; --            ; piano_ordenado_final2 ; Top            ;
; PARTITION_NETLIST_TYPE              ; -- (Not supported for targeted family) ; --            ; piano_ordenado_final2 ; Top            ;
; POWER_BOARD_THERMAL_MODEL           ; None (CONSERVATIVE)                    ; --            ; --                    ; --             ;
; POWER_PRESET_COOLING_SOLUTION       ; 23 MM HEAT SINK WITH 200 LFPM AIRFLOW  ; --            ; --                    ; --             ;
; PROJECT_OUTPUT_DIRECTORY            ; output_files                           ; --            ; --                    ; --             ;
; TOP_LEVEL_ENTITY                    ; piano_ordenado_final2                  ; PIANO2        ; --                    ; --             ;
+-------------------------------------+----------------------------------------+---------------+-----------------------+----------------+


+-------------------------------------------------------------------------------------------------------------------------------+
; Flow Elapsed Time                                                                                                             ;
+---------------------------+--------------+-------------------------+---------------------+------------------------------------+
; Module Name               ; Elapsed Time ; Average Processors Used ; Peak Virtual Memory ; Total CPU Time (on all processors) ;
+---------------------------+--------------+-------------------------+---------------------+------------------------------------+
; Analysis & Synthesis      ; 00:01:02     ; 1.0                     ; 4877 MB             ; 00:01:54                           ;
; Fitter                    ; 00:00:17     ; 1.0                     ; 5353 MB             ; 00:00:20                           ;
; Assembler                 ; 00:00:03     ; 1.0                     ; 4703 MB             ; 00:00:03                           ;
; TimeQuest Timing Analyzer ; 00:00:06     ; 1.1                     ; 4802 MB             ; 00:00:05                           ;
; EDA Netlist Writer        ; 00:00:09     ; 1.0                     ; 4690 MB             ; 00:00:07                           ;
; Total                     ; 00:01:37     ; --                      ; --                  ; 00:02:29                           ;
+---------------------------+--------------+-------------------------+---------------------+------------------------------------+


+-----------------------------------------------------------------------------------------+
; Flow OS Summary                                                                         ;
+---------------------------+------------------+------------+------------+----------------+
; Module Name               ; Machine Hostname ; OS Name    ; OS Version ; Processor type ;
+---------------------------+------------------+------------+------------+----------------+
; Analysis & Synthesis      ; Martha           ; Windows 10 ; 10.0       ; x86_64         ;
; Fitter                    ; Martha           ; Windows 10 ; 10.0       ; x86_64         ;
; Assembler                 ; Martha           ; Windows 10 ; 10.0       ; x86_64         ;
; TimeQuest Timing Analyzer ; Martha           ; Windows 10 ; 10.0       ; x86_64         ;
; EDA Netlist Writer        ; Martha           ; Windows 10 ; 10.0       ; x86_64         ;
+---------------------------+------------------+------------+------------+----------------+


------------
; Flow Log ;
------------
quartus_map --read_settings_files=on --write_settings_files=off PIANO2 -c PIANO2
quartus_fit --read_settings_files=off --write_settings_files=off PIANO2 -c PIANO2
quartus_asm --read_settings_files=off --write_settings_files=off PIANO2 -c PIANO2
quartus_sta PIANO2 -c PIANO2
quartus_eda --read_settings_files=off --write_settings_files=off PIANO2 -c PIANO2



